<?xml version="1.0" encoding="UTF-8"?>
<!-- Generated by org.testng.reporters.JUnitReportReporter -->
<testsuite skipped="0" hostname="LAPTOP-5I3A2SA0" name="com.pratian.SauceDemo.Automation.Tests.TestAddCartitem" tests="2" failures="0" timestamp="2021-02-19T12:13:21 IST" time="114.944" errors="0">
  <testcase name="AddtoCart" time="69.397" classname="com.pratian.SauceDemo.Automation.Tests.TestAddCartitem"/>
  <system-out/>
  <testcase name="AddtoCart" time="45.547" classname="com.pratian.SauceDemo.Automation.Tests.TestAddCartitem"/>
  <system-out/>
</testsuite> <!-- com.pratian.SauceDemo.Automation.Tests.TestAddCartitem -->
